CRITICAL - 2023-10-08 17:16:56 --> include_once(views/view.php): Failed to open stream: No such file or directory
in APPPATH\Controllers\MainController.php on line 15.
 1 APPPATH\Controllers\MainController.php(15): CodeIgniter\Debug\Exceptions->errorHandler(2, 'include_once(views/view.php): Failed to open stream: No such file or directory', 'D:\\laragon\\www\\ecommerce\\app\\Controllers\\MainController.php', 15)
 2 APPPATH\Controllers\MainController.php(15): include_once()
 3 SYSTEMPATH\CodeIgniter.php(919): App\Controllers\MainController->show()
 4 SYSTEMPATH\CodeIgniter.php(494): CodeIgniter\CodeIgniter->runController(Object(App\Controllers\MainController))
 5 SYSTEMPATH\CodeIgniter.php(353): CodeIgniter\CodeIgniter->handleRequest(null, Object(Config\Cache), false)
 6 FCPATH\index.php(79): CodeIgniter\CodeIgniter->run()
 7 SYSTEMPATH\Commands\Server\rewrite.php(47): require_once('D:\\laragon\\www\\ecommerce\\public\\index.php')
CRITICAL - 2023-10-08 17:17:17 --> include_once(views/main.php): Failed to open stream: No such file or directory
in APPPATH\Controllers\MainController.php on line 15.
 1 APPPATH\Controllers\MainController.php(15): CodeIgniter\Debug\Exceptions->errorHandler(2, 'include_once(views/main.php): Failed to open stream: No such file or directory', 'D:\\laragon\\www\\ecommerce\\app\\Controllers\\MainController.php', 15)
 2 APPPATH\Controllers\MainController.php(15): include_once()
 3 SYSTEMPATH\CodeIgniter.php(919): App\Controllers\MainController->show()
 4 SYSTEMPATH\CodeIgniter.php(494): CodeIgniter\CodeIgniter->runController(Object(App\Controllers\MainController))
 5 SYSTEMPATH\CodeIgniter.php(353): CodeIgniter\CodeIgniter->handleRequest(null, Object(Config\Cache), false)
 6 FCPATH\index.php(79): CodeIgniter\CodeIgniter->run()
 7 SYSTEMPATH\Commands\Server\rewrite.php(47): require_once('D:\\laragon\\www\\ecommerce\\public\\index.php')
CRITICAL - 2023-10-08 17:17:20 --> include_once(views/main.php): Failed to open stream: No such file or directory
in APPPATH\Controllers\MainController.php on line 15.
 1 APPPATH\Controllers\MainController.php(15): CodeIgniter\Debug\Exceptions->errorHandler(2, 'include_once(views/main.php): Failed to open stream: No such file or directory', 'D:\\laragon\\www\\ecommerce\\app\\Controllers\\MainController.php', 15)
 2 APPPATH\Controllers\MainController.php(15): include_once()
 3 SYSTEMPATH\CodeIgniter.php(919): App\Controllers\MainController->show()
 4 SYSTEMPATH\CodeIgniter.php(494): CodeIgniter\CodeIgniter->runController(Object(App\Controllers\MainController))
 5 SYSTEMPATH\CodeIgniter.php(353): CodeIgniter\CodeIgniter->handleRequest(null, Object(Config\Cache), false)
 6 FCPATH\index.php(79): CodeIgniter\CodeIgniter->run()
 7 SYSTEMPATH\Commands\Server\rewrite.php(47): require_once('D:\\laragon\\www\\ecommerce\\public\\index.php')
CRITICAL - 2023-10-08 18:20:57 --> include_once(header.php): Failed to open stream: No such file or directory
in APPPATH\Views\main.php on line 59.
 1 APPPATH\Views\main.php(59): CodeIgniter\Debug\Exceptions->errorHandler(2, 'include_once(header.php): Failed to open stream: No such file or directory', 'D:\\laragon\\www\\ecommerce\\app\\Views\\main.php', 59)
 2 APPPATH\Views\main.php(59): include_once()
 3 SYSTEMPATH\View\View.php(226): include('D:\\laragon\\www\\ecommerce\\app\\Views\\main.php')
 4 SYSTEMPATH\View\View.php(229): CodeIgniter\View\View->CodeIgniter\View\{closure}()
 5 SYSTEMPATH\Common.php(1188): CodeIgniter\View\View->render('main', [], true)
 6 APPPATH\Controllers\MainController.php(15): view('main')
 7 SYSTEMPATH\CodeIgniter.php(919): App\Controllers\MainController->show()
 8 SYSTEMPATH\CodeIgniter.php(494): CodeIgniter\CodeIgniter->runController(Object(App\Controllers\MainController))
 9 SYSTEMPATH\CodeIgniter.php(353): CodeIgniter\CodeIgniter->handleRequest(null, Object(Config\Cache), false)
10 FCPATH\index.php(79): CodeIgniter\CodeIgniter->run()
11 SYSTEMPATH\Commands\Server\rewrite.php(47): require_once('D:\\laragon\\www\\ecommerce\\public\\index.php')
CRITICAL - 2023-10-08 18:21:31 --> include(/include/header.php): Failed to open stream: No such file or directory
in APPPATH\Views\main.php on line 59.
 1 APPPATH\Views\main.php(59): CodeIgniter\Debug\Exceptions->errorHandler(2, 'include(/include/header.php): Failed to open stream: No such file or directory', 'D:\\laragon\\www\\ecommerce\\app\\Views\\main.php', 59)
 2 APPPATH\Views\main.php(59): include()
 3 SYSTEMPATH\View\View.php(226): include('D:\\laragon\\www\\ecommerce\\app\\Views\\main.php')
 4 SYSTEMPATH\View\View.php(229): CodeIgniter\View\View->CodeIgniter\View\{closure}()
 5 SYSTEMPATH\Common.php(1188): CodeIgniter\View\View->render('main', [], true)
 6 APPPATH\Controllers\MainController.php(15): view('main')
 7 SYSTEMPATH\CodeIgniter.php(919): App\Controllers\MainController->show()
 8 SYSTEMPATH\CodeIgniter.php(494): CodeIgniter\CodeIgniter->runController(Object(App\Controllers\MainController))
 9 SYSTEMPATH\CodeIgniter.php(353): CodeIgniter\CodeIgniter->handleRequest(null, Object(Config\Cache), false)
10 FCPATH\index.php(79): CodeIgniter\CodeIgniter->run()
11 SYSTEMPATH\Commands\Server\rewrite.php(47): require_once('D:\\laragon\\www\\ecommerce\\public\\index.php')
CRITICAL - 2023-10-08 18:21:33 --> include(/include/header.php): Failed to open stream: No such file or directory
in APPPATH\Views\main.php on line 59.
 1 APPPATH\Views\main.php(59): CodeIgniter\Debug\Exceptions->errorHandler(2, 'include(/include/header.php): Failed to open stream: No such file or directory', 'D:\\laragon\\www\\ecommerce\\app\\Views\\main.php', 59)
 2 APPPATH\Views\main.php(59): include()
 3 SYSTEMPATH\View\View.php(226): include('D:\\laragon\\www\\ecommerce\\app\\Views\\main.php')
 4 SYSTEMPATH\View\View.php(229): CodeIgniter\View\View->CodeIgniter\View\{closure}()
 5 SYSTEMPATH\Common.php(1188): CodeIgniter\View\View->render('main', [], true)
 6 APPPATH\Controllers\MainController.php(15): view('main')
 7 SYSTEMPATH\CodeIgniter.php(919): App\Controllers\MainController->show()
 8 SYSTEMPATH\CodeIgniter.php(494): CodeIgniter\CodeIgniter->runController(Object(App\Controllers\MainController))
 9 SYSTEMPATH\CodeIgniter.php(353): CodeIgniter\CodeIgniter->handleRequest(null, Object(Config\Cache), false)
10 FCPATH\index.php(79): CodeIgniter\CodeIgniter->run()
11 SYSTEMPATH\Commands\Server\rewrite.php(47): require_once('D:\\laragon\\www\\ecommerce\\public\\index.php')
CRITICAL - 2023-10-08 18:21:34 --> include(/include/header.php): Failed to open stream: No such file or directory
in APPPATH\Views\main.php on line 59.
 1 APPPATH\Views\main.php(59): CodeIgniter\Debug\Exceptions->errorHandler(2, 'include(/include/header.php): Failed to open stream: No such file or directory', 'D:\\laragon\\www\\ecommerce\\app\\Views\\main.php', 59)
 2 APPPATH\Views\main.php(59): include()
 3 SYSTEMPATH\View\View.php(226): include('D:\\laragon\\www\\ecommerce\\app\\Views\\main.php')
 4 SYSTEMPATH\View\View.php(229): CodeIgniter\View\View->CodeIgniter\View\{closure}()
 5 SYSTEMPATH\Common.php(1188): CodeIgniter\View\View->render('main', [], true)
 6 APPPATH\Controllers\MainController.php(15): view('main')
 7 SYSTEMPATH\CodeIgniter.php(919): App\Controllers\MainController->show()
 8 SYSTEMPATH\CodeIgniter.php(494): CodeIgniter\CodeIgniter->runController(Object(App\Controllers\MainController))
 9 SYSTEMPATH\CodeIgniter.php(353): CodeIgniter\CodeIgniter->handleRequest(null, Object(Config\Cache), false)
10 FCPATH\index.php(79): CodeIgniter\CodeIgniter->run()
11 SYSTEMPATH\Commands\Server\rewrite.php(47): require_once('D:\\laragon\\www\\ecommerce\\public\\index.php')
CRITICAL - 2023-10-08 18:21:36 --> include(/include/header.php): Failed to open stream: No such file or directory
in APPPATH\Views\main.php on line 59.
 1 APPPATH\Views\main.php(59): CodeIgniter\Debug\Exceptions->errorHandler(2, 'include(/include/header.php): Failed to open stream: No such file or directory', 'D:\\laragon\\www\\ecommerce\\app\\Views\\main.php', 59)
 2 APPPATH\Views\main.php(59): include()
 3 SYSTEMPATH\View\View.php(226): include('D:\\laragon\\www\\ecommerce\\app\\Views\\main.php')
 4 SYSTEMPATH\View\View.php(229): CodeIgniter\View\View->CodeIgniter\View\{closure}()
 5 SYSTEMPATH\Common.php(1188): CodeIgniter\View\View->render('main', [], true)
 6 APPPATH\Controllers\MainController.php(15): view('main')
 7 SYSTEMPATH\CodeIgniter.php(919): App\Controllers\MainController->show()
 8 SYSTEMPATH\CodeIgniter.php(494): CodeIgniter\CodeIgniter->runController(Object(App\Controllers\MainController))
 9 SYSTEMPATH\CodeIgniter.php(353): CodeIgniter\CodeIgniter->handleRequest(null, Object(Config\Cache), false)
10 FCPATH\index.php(79): CodeIgniter\CodeIgniter->run()
11 SYSTEMPATH\Commands\Server\rewrite.php(47): require_once('D:\\laragon\\www\\ecommerce\\public\\index.php')
CRITICAL - 2023-10-08 18:21:51 --> include(../header.php): Failed to open stream: No such file or directory
in APPPATH\Views\main.php on line 59.
 1 APPPATH\Views\main.php(59): CodeIgniter\Debug\Exceptions->errorHandler(2, 'include(../header.php): Failed to open stream: No such file or directory', 'D:\\laragon\\www\\ecommerce\\app\\Views\\main.php', 59)
 2 APPPATH\Views\main.php(59): include()
 3 SYSTEMPATH\View\View.php(226): include('D:\\laragon\\www\\ecommerce\\app\\Views\\main.php')
 4 SYSTEMPATH\View\View.php(229): CodeIgniter\View\View->CodeIgniter\View\{closure}()
 5 SYSTEMPATH\Common.php(1188): CodeIgniter\View\View->render('main', [], true)
 6 APPPATH\Controllers\MainController.php(15): view('main')
 7 SYSTEMPATH\CodeIgniter.php(919): App\Controllers\MainController->show()
 8 SYSTEMPATH\CodeIgniter.php(494): CodeIgniter\CodeIgniter->runController(Object(App\Controllers\MainController))
 9 SYSTEMPATH\CodeIgniter.php(353): CodeIgniter\CodeIgniter->handleRequest(null, Object(Config\Cache), false)
10 FCPATH\index.php(79): CodeIgniter\CodeIgniter->run()
11 SYSTEMPATH\Commands\Server\rewrite.php(47): require_once('D:\\laragon\\www\\ecommerce\\public\\index.php')
CRITICAL - 2023-10-08 18:25:54 --> include(../include/header.php): Failed to open stream: No such file or directory
in APPPATH\Views\main.php on line 59.
 1 APPPATH\Views\main.php(59): CodeIgniter\Debug\Exceptions->errorHandler(2, 'include(../include/header.php): Failed to open stream: No such file or directory', 'D:\\laragon\\www\\ecommerce\\app\\Views\\main.php', 59)
 2 APPPATH\Views\main.php(59): include()
 3 SYSTEMPATH\View\View.php(226): include('D:\\laragon\\www\\ecommerce\\app\\Views\\main.php')
 4 SYSTEMPATH\View\View.php(229): CodeIgniter\View\View->CodeIgniter\View\{closure}()
 5 SYSTEMPATH\Common.php(1188): CodeIgniter\View\View->render('main', [], true)
 6 APPPATH\Controllers\MainController.php(15): view('main')
 7 SYSTEMPATH\CodeIgniter.php(919): App\Controllers\MainController->show()
 8 SYSTEMPATH\CodeIgniter.php(494): CodeIgniter\CodeIgniter->runController(Object(App\Controllers\MainController))
 9 SYSTEMPATH\CodeIgniter.php(353): CodeIgniter\CodeIgniter->handleRequest(null, Object(Config\Cache), false)
10 FCPATH\index.php(79): CodeIgniter\CodeIgniter->run()
11 SYSTEMPATH\Commands\Server\rewrite.php(47): require_once('D:\\laragon\\www\\ecommerce\\public\\index.php')
CRITICAL - 2023-10-08 18:26:08 --> include(./include/header.php): Failed to open stream: No such file or directory
in APPPATH\Views\main.php on line 59.
 1 APPPATH\Views\main.php(59): CodeIgniter\Debug\Exceptions->errorHandler(2, 'include(./include/header.php): Failed to open stream: No such file or directory', 'D:\\laragon\\www\\ecommerce\\app\\Views\\main.php', 59)
 2 APPPATH\Views\main.php(59): include()
 3 SYSTEMPATH\View\View.php(226): include('D:\\laragon\\www\\ecommerce\\app\\Views\\main.php')
 4 SYSTEMPATH\View\View.php(229): CodeIgniter\View\View->CodeIgniter\View\{closure}()
 5 SYSTEMPATH\Common.php(1188): CodeIgniter\View\View->render('main', [], true)
 6 APPPATH\Controllers\MainController.php(15): view('main')
 7 SYSTEMPATH\CodeIgniter.php(919): App\Controllers\MainController->show()
 8 SYSTEMPATH\CodeIgniter.php(494): CodeIgniter\CodeIgniter->runController(Object(App\Controllers\MainController))
 9 SYSTEMPATH\CodeIgniter.php(353): CodeIgniter\CodeIgniter->handleRequest(null, Object(Config\Cache), false)
10 FCPATH\index.php(79): CodeIgniter\CodeIgniter->run()
11 SYSTEMPATH\Commands\Server\rewrite.php(47): require_once('D:\\laragon\\www\\ecommerce\\public\\index.php')
CRITICAL - 2023-10-08 18:26:21 --> include(/include/header.php): Failed to open stream: No such file or directory
in APPPATH\Views\main.php on line 59.
 1 APPPATH\Views\main.php(59): CodeIgniter\Debug\Exceptions->errorHandler(2, 'include(/include/header.php): Failed to open stream: No such file or directory', 'D:\\laragon\\www\\ecommerce\\app\\Views\\main.php', 59)
 2 APPPATH\Views\main.php(59): include()
 3 SYSTEMPATH\View\View.php(226): include('D:\\laragon\\www\\ecommerce\\app\\Views\\main.php')
 4 SYSTEMPATH\View\View.php(229): CodeIgniter\View\View->CodeIgniter\View\{closure}()
 5 SYSTEMPATH\Common.php(1188): CodeIgniter\View\View->render('main', [], true)
 6 APPPATH\Controllers\MainController.php(15): view('main')
 7 SYSTEMPATH\CodeIgniter.php(919): App\Controllers\MainController->show()
 8 SYSTEMPATH\CodeIgniter.php(494): CodeIgniter\CodeIgniter->runController(Object(App\Controllers\MainController))
 9 SYSTEMPATH\CodeIgniter.php(353): CodeIgniter\CodeIgniter->handleRequest(null, Object(Config\Cache), false)
10 FCPATH\index.php(79): CodeIgniter\CodeIgniter->run()
11 SYSTEMPATH\Commands\Server\rewrite.php(47): require_once('D:\\laragon\\www\\ecommerce\\public\\index.php')
CRITICAL - 2023-10-08 19:06:50 --> include(include/product.php): Failed to open stream: No such file or directory
in APPPATH\Views\main.php on line 26.
 1 APPPATH\Views\main.php(26): CodeIgniter\Debug\Exceptions->errorHandler(2, 'include(include/product.php): Failed to open stream: No such file or directory', 'D:\\laragon\\www\\ecommerce\\app\\Views\\main.php', 26)
 2 APPPATH\Views\main.php(26): include()
 3 SYSTEMPATH\View\View.php(226): include('D:\\laragon\\www\\ecommerce\\app\\Views\\main.php')
 4 SYSTEMPATH\View\View.php(229): CodeIgniter\View\View->CodeIgniter\View\{closure}()
 5 SYSTEMPATH\Common.php(1188): CodeIgniter\View\View->render('main', [], true)
 6 APPPATH\Controllers\MainController.php(15): view('main')
 7 SYSTEMPATH\CodeIgniter.php(919): App\Controllers\MainController->show()
 8 SYSTEMPATH\CodeIgniter.php(494): CodeIgniter\CodeIgniter->runController(Object(App\Controllers\MainController))
 9 SYSTEMPATH\CodeIgniter.php(353): CodeIgniter\CodeIgniter->handleRequest(null, Object(Config\Cache), false)
10 FCPATH\index.php(79): CodeIgniter\CodeIgniter->run()
11 SYSTEMPATH\Commands\Server\rewrite.php(47): require_once('D:\\laragon\\www\\ecommerce\\public\\index.php')
